<?xml version="1.0" encoding="UTF-8"?>
<!-- Generated by org.testng.reporters.JUnitXMLReporter -->
<testsuite ignored="0" hostname="LAPTOP-A6SRPP53" failures="4" tests="4" name="Default test" time="18.317" errors="0" timestamp="2023-10-16T19:29:35 EDT">
  <testcase classname="io.cucumber.testng.AbstractTestNGCucumberTests" name="runScenario" time="6.087">
    <failure type="java.lang.NullPointerException" message="Cannot invoke &amp;quot;org.openqa.selenium.WebElement.clear()&amp;quot; because &amp;quot;this.Username&amp;quot; is null">
      <![CDATA[java.lang.NullPointerException: Cannot invoke "org.openqa.selenium.WebElement.clear()" because "this.Username" is null
at PageObject.LoginPage.enterEmail(LoginPage.java:31)
at StepDefinition.StepDef.user_enter_username_as_as_and_password_as(StepDef.java:29)
at ✽.User enter Username as "Admin" as and password as "admin123"(file:///C:/Users/akkar/eclipse-workspace/CucumberFramework/./Features/LoginFeature.feature:6)
]]>
    </failure>
  </testcase> <!-- runScenario -->
  <testcase classname="io.cucumber.testng.AbstractTestNGCucumberTests" name="runScenario" time="5.001">
    <failure type="java.lang.NullPointerException" message="Cannot invoke &amp;quot;org.openqa.selenium.WebElement.clear()&amp;quot; because &amp;quot;this.Username&amp;quot; is null">
      <![CDATA[java.lang.NullPointerException: Cannot invoke "org.openqa.selenium.WebElement.clear()" because "this.Username" is null
at PageObject.LoginPage.enterEmail(LoginPage.java:31)
at StepDefinition.StepDef.user_enter_username_as_as_and_password_as(StepDef.java:29)
at ✽.User enter Username as "Admin" as and password as "admin123"(file:///C:/Users/akkar/eclipse-workspace/CucumberFramework/./Features/LoginFeature.feature:16)
]]>
    </failure>
  </testcase> <!-- runScenario -->
  <testcase classname="io.cucumber.testng.AbstractTestNGCucumberTests" name="runScenario" time="5.368">
    <failure type="java.lang.NullPointerException" message="Cannot invoke &amp;quot;org.openqa.selenium.WebElement.clear()&amp;quot; because &amp;quot;this.Username&amp;quot; is null">
      <![CDATA[java.lang.NullPointerException: Cannot invoke "org.openqa.selenium.WebElement.clear()" because "this.Username" is null
at PageObject.LoginPage.enterEmail(LoginPage.java:31)
at StepDefinition.StepDef.user_enter_username_as_as_and_password_as(StepDef.java:29)
at ✽.User enter Username as "Test" as and password as "admin123"(file:///C:/Users/akkar/eclipse-workspace/CucumberFramework/./Features/LoginFeature.feature:16)
]]>
    </failure>
  </testcase> <!-- runScenario -->
  <testcase classname="io.cucumber.testng.AbstractTestNGCucumberTests" name="runScenario" time="1.082">
    <failure type="java.lang.NullPointerException" message="Cannot invoke &amp;quot;org.openqa.selenium.WebDriver.get(String)&amp;quot; because &amp;quot;this.driver&amp;quot; is null">
      <![CDATA[java.lang.NullPointerException: Cannot invoke "org.openqa.selenium.WebDriver.get(String)" because "this.driver" is null
at StepDefinition.StepDefRegistration.user_open_the_url(StepDefRegistration.java:14)
at ✽.User open the URL "https://demoqa.com/"(file:///C:/Users/akkar/eclipse-workspace/CucumberFramework/./Features/Registration.feature:5)
]]>
    </failure>
  </testcase> <!-- runScenario -->
</testsuite> <!-- Default test -->
